TN:
SF:/Users/svenvandescheur/PycharmProjects/MaykinMedia/consumer.js/src/consumer.js
FN:1,(anonymous_1)
FN:1,defineProperties
FN:1,(anonymous_3)
FN:11,_interopRequireDefault
FN:11,_classCallCheck
FN:18,(anonymous_6)
FN:18,Consumer
FN:41,_delete
FN:52,get
FN:63,patch
FN:74,post
FN:85,put
FN:97,request
FN:102,(anonymous_14)
FN:138,isSafeMethod
FN:146,addCsrfToken
FN:157,getCookie
FN:166,addHeader
FN:167,(anonymous_19)
FN:178,serialize
FN:195,requestSuccess
FN:205,parse
FN:224,parseList
FN:239,parseScalar
FN:248,parseEntity
FN:258,requestFailed
FNF:26
FNH:26
FNDA:2,(anonymous_1)
FNDA:2,defineProperties
FNDA:2,(anonymous_3)
FNDA:2,_interopRequireDefault
FNDA:20,_classCallCheck
FNDA:2,(anonymous_6)
FNDA:20,Consumer
FNDA:2,_delete
FNDA:16,get
FNDA:1,patch
FNDA:3,post
FNDA:1,put
FNDA:23,request
FNDA:23,(anonymous_14)
FNDA:23,isSafeMethod
FNDA:7,addCsrfToken
FNDA:6,getCookie
FNDA:16,addHeader
FNDA:16,(anonymous_19)
FNDA:23,serialize
FNDA:20,requestSuccess
FNDA:20,parse
FNDA:10,parseList
FNDA:9,parseScalar
FNDA:26,parseEntity
FNDA:3,requestFailed
DA:0,2
DA:1,34
DA:2,2
DA:3,2
DA:4,2
DA:11,20
DA:18,20
DA:19,20
DA:20,20
DA:21,20
DA:22,20
DA:23,20
DA:24,20
DA:25,20
DA:26,20
DA:28,20
DA:29,3
DA:32,20
DA:41,2
DA:42,2
DA:43,2
DA:52,16
DA:53,16
DA:54,16
DA:63,1
DA:64,1
DA:65,1
DA:74,3
DA:75,3
DA:76,3
DA:85,1
DA:86,1
DA:87,1
DA:97,23
DA:98,23
DA:102,23
DA:103,23
DA:107,23
DA:108,7
DA:112,23
DA:113,8
DA:117,23
DA:118,23
DA:121,23
DA:124,23
DA:125,23
DA:129,23
DA:130,23
DA:131,23
DA:139,23
DA:140,23
DA:147,7
DA:148,7
DA:149,7
DA:158,6
DA:167,16
DA:168,16
DA:178,23
DA:179,23
DA:181,23
DA:182,5
DA:183,4
DA:186,23
DA:196,20
DA:197,20
DA:206,20
DA:207,1
DA:210,19
DA:212,19
DA:213,10
DA:215,9
DA:224,10
DA:225,10
DA:227,20
DA:228,20
DA:230,10
DA:240,9
DA:249,26
DA:259,3
DA:265,2
DA:266,2
LF:81
LH:81
BRDA:1,1,0,34
BRDA:1,1,1,34
BRDA:1,2,0,34
BRDA:1,2,1,0
BRDA:1,3,0,2
BRDA:1,3,1,0
BRDA:1,4,0,0
BRDA:1,4,1,2
BRDA:11,5,0,0
BRDA:11,5,1,2
BRDA:11,6,0,2
BRDA:11,6,1,2
BRDA:11,7,0,0
BRDA:11,7,1,20
BRDA:18,8,0,17
BRDA:18,8,1,3
BRDA:18,9,0,20
BRDA:18,9,1,3
BRDA:28,10,0,3
BRDA:28,10,1,17
BRDA:41,11,0,0
BRDA:41,11,1,2
BRDA:41,12,0,2
BRDA:41,12,1,2
BRDA:41,13,0,1
BRDA:41,13,1,1
BRDA:41,14,0,2
BRDA:41,14,1,1
BRDA:52,15,0,0
BRDA:52,15,1,16
BRDA:52,16,0,16
BRDA:52,16,1,16
BRDA:52,17,0,14
BRDA:52,17,1,2
BRDA:52,18,0,16
BRDA:52,18,1,2
BRDA:63,19,0,0
BRDA:63,19,1,1
BRDA:63,20,0,1
BRDA:63,20,1,1
BRDA:63,21,0,0
BRDA:63,21,1,1
BRDA:63,22,0,1
BRDA:63,22,1,1
BRDA:63,23,0,0
BRDA:63,23,1,1
BRDA:63,24,0,1
BRDA:63,24,1,1
BRDA:74,25,0,0
BRDA:74,25,1,3
BRDA:74,26,0,3
BRDA:74,26,1,3
BRDA:74,27,0,1
BRDA:74,27,1,2
BRDA:74,28,0,3
BRDA:74,28,1,2
BRDA:74,29,0,2
BRDA:74,29,1,1
BRDA:74,30,0,3
BRDA:74,30,1,1
BRDA:85,31,0,0
BRDA:85,31,1,1
BRDA:85,32,0,1
BRDA:85,32,1,1
BRDA:85,33,0,0
BRDA:85,33,1,1
BRDA:85,34,0,1
BRDA:85,34,1,1
BRDA:85,35,0,0
BRDA:85,35,1,1
BRDA:85,36,0,1
BRDA:85,36,1,1
BRDA:107,37,0,7
BRDA:107,37,1,16
BRDA:107,38,0,23
BRDA:107,38,1,7
BRDA:107,38,2,7
BRDA:117,39,0,0
BRDA:117,39,1,23
BRDA:117,40,0,23
BRDA:117,40,1,0
BRDA:117,41,0,0
BRDA:117,41,1,23
BRDA:182,42,0,4
BRDA:182,42,1,1
BRDA:186,43,0,0
BRDA:186,43,1,23
BRDA:186,44,0,23
BRDA:186,44,1,0
BRDA:186,45,0,0
BRDA:186,45,1,23
BRDA:206,46,0,1
BRDA:206,46,1,19
BRDA:212,47,0,10
BRDA:212,47,1,9
BRDA:230,48,0,0
BRDA:230,48,1,10
BRDA:230,49,0,10
BRDA:230,49,1,0
BRDA:230,50,0,0
BRDA:230,50,1,10
BRF:101
BRH:78
end_of_record
TN:
SF:/Users/svenvandescheur/PycharmProjects/MaykinMedia/consumer.js/src/consumer-object.js
FN:5,(anonymous_1)
FN:5,defineProperties
FN:5,(anonymous_3)
FN:5,_classCallCheck
FN:11,(anonymous_5)
FN:11,ConsumerObject
FN:20,createFromObject
FNF:7
FNH:7
FNDA:1,(anonymous_1)
FNDA:1,defineProperties
FNDA:1,(anonymous_3)
FNDA:29,_classCallCheck
FNDA:1,(anonymous_5)
FNDA:29,ConsumerObject
FNDA:29,createFromObject
DA:0,1
DA:5,29
DA:11,1
DA:12,29
DA:13,29
DA:21,29
DA:23,29
DA:24,29
DA:25,29
DA:26,29
LF:10
LH:10
BRDA:5,1,0,1
BRDA:5,1,1,1
BRDA:5,2,0,1
BRDA:5,2,1,0
BRDA:5,3,0,1
BRDA:5,3,1,0
BRDA:5,4,0,0
BRDA:5,4,1,1
BRDA:5,5,0,0
BRDA:5,5,1,29
BRDA:24,6,0,29
BRDA:24,6,1,0
BRF:12
BRH:7
end_of_record
