<?xml version="1.0" ?>
<!DOCTYPE coverage SYSTEM "http://cobertura.sourceforge.net/xml/coverage-04.dtd">
<coverage lines-valid="2"  lines-covered="2"  line-rate="1"  branches-valid="113"  branches-covered="84"  branch-rate="0.7434000000000001"  timestamp="1464625563760" complexity="0" version="0.1">
<sources>
	<source>/Users/svenvandescheur/PycharmProjects/MaykinMedia/consumer.js</source>
</sources>
<packages>
	<package name="dist"  line-rate="1"  branch-rate="0.7434000000000001" >
	<classes>
		<class name="consumerjs.js"  filename="dist/consumerjs.js"  line-rate="1"  branch-rate="0.7434000000000001" >
		<methods>
			<method name="(anonymous_1)"  hits="1"  signature="()V" >
				<lines><line number="1"  hits="1" /></lines>
			</method>
			<method name="defineProperties"  hits="1"  signature="()V" >
				<lines><line number="1"  hits="1" /></lines>
			</method>
			<method name="(anonymous_3)"  hits="1"  signature="()V" >
				<lines><line number="1"  hits="1" /></lines>
			</method>
			<method name="_classCallCheck"  hits="0"  signature="()V" >
				<lines><line number="1"  hits="0" /></lines>
			</method>
			<method name="(anonymous_5)"  hits="1"  signature="()V" >
				<lines><line number="1"  hits="1" /></lines>
			</method>
			<method name="ConsumerObject"  hits="29"  signature="()V" >
				<lines><line number="1"  hits="29" /></lines>
			</method>
			<method name="createFromObject"  hits="29"  signature="()V" >
				<lines><line number="1"  hits="29" /></lines>
			</method>
			<method name="(anonymous_8)"  hits="1"  signature="()V" >
				<lines><line number="2"  hits="1" /></lines>
			</method>
			<method name="defineProperties"  hits="1"  signature="()V" >
				<lines><line number="2"  hits="1" /></lines>
			</method>
			<method name="(anonymous_10)"  hits="1"  signature="()V" >
				<lines><line number="2"  hits="1" /></lines>
			</method>
			<method name="_interopRequireDefault"  hits="1"  signature="()V" >
				<lines><line number="2"  hits="1" /></lines>
			</method>
			<method name="_classCallCheck"  hits="48"  signature="()V" >
				<lines><line number="2"  hits="48" /></lines>
			</method>
			<method name="(anonymous_13)"  hits="1"  signature="()V" >
				<lines><line number="2"  hits="1" /></lines>
			</method>
			<method name="Consumer"  hits="19"  signature="()V" >
				<lines><line number="2"  hits="19" /></lines>
			</method>
			<method name="_delete"  hits="2"  signature="()V" >
				<lines><line number="2"  hits="2" /></lines>
			</method>
			<method name="get"  hits="14"  signature="()V" >
				<lines><line number="2"  hits="14" /></lines>
			</method>
			<method name="patch"  hits="1"  signature="()V" >
				<lines><line number="2"  hits="1" /></lines>
			</method>
			<method name="post"  hits="3"  signature="()V" >
				<lines><line number="2"  hits="3" /></lines>
			</method>
			<method name="put"  hits="1"  signature="()V" >
				<lines><line number="2"  hits="1" /></lines>
			</method>
			<method name="request"  hits="21"  signature="()V" >
				<lines><line number="2"  hits="21" /></lines>
			</method>
			<method name="(anonymous_21)"  hits="21"  signature="()V" >
				<lines><line number="2"  hits="21" /></lines>
			</method>
			<method name="isSafeMethod"  hits="21"  signature="()V" >
				<lines><line number="2"  hits="21" /></lines>
			</method>
			<method name="addCsrfToken"  hits="7"  signature="()V" >
				<lines><line number="2"  hits="7" /></lines>
			</method>
			<method name="getCookie"  hits="6"  signature="()V" >
				<lines><line number="2"  hits="6" /></lines>
			</method>
			<method name="addHeader"  hits="16"  signature="()V" >
				<lines><line number="2"  hits="16" /></lines>
			</method>
			<method name="(anonymous_26)"  hits="16"  signature="()V" >
				<lines><line number="2"  hits="16" /></lines>
			</method>
			<method name="serialize"  hits="21"  signature="()V" >
				<lines><line number="2"  hits="21" /></lines>
			</method>
			<method name="requestSuccess"  hits="20"  signature="()V" >
				<lines><line number="2"  hits="20" /></lines>
			</method>
			<method name="parse"  hits="20"  signature="()V" >
				<lines><line number="2"  hits="20" /></lines>
			</method>
			<method name="parseList"  hits="10"  signature="()V" >
				<lines><line number="2"  hits="10" /></lines>
			</method>
			<method name="parseScalar"  hits="9"  signature="()V" >
				<lines><line number="2"  hits="9" /></lines>
			</method>
			<method name="parseEntity"  hits="26"  signature="()V" >
				<lines><line number="2"  hits="26" /></lines>
			</method>
			<method name="requestFailed"  hits="1"  signature="()V" >
				<lines><line number="2"  hits="1" /></lines>
			</method>
		</methods>
		<lines>
			<line number="1"  hits="29"  branch="true"  condition-coverage="50% (6/12)" />
			<line number="2"  hits="48"  branch="true"  condition-coverage="77.22772277227723% (78/101)" />
		</lines>
		</class>
	</classes>
	</package>
</packages>
</coverage>
